<?xml version="1.0" encoding="UTF-8"?>
<!-- Generated by org.testng.reporters.JUnitXMLReporter -->
<testsuite hostname="test-HP" name="Surefire test" tests="3" failures="1" timestamp="27 Oct 2016 07:23:07 GMT" time="0.146" errors="0">
  <testcase name="testStringManipulation3 on testStringManipulation3(com.apple.test.apple.StringManipulationTest)" time="0.015" classname="com.apple.test.apple.StringManipulationTest">
    <failure type="org.junit.ComparisonFailure" message="String does not match expected:&amp;lt;Java[ is a programming ]language&amp;gt; but was:&amp;lt;Java[xisxaxprogrammingx]language&amp;gt;">
      <![CDATA[org.junit.ComparisonFailure: String does not match expected:<Java[ is a programming ]language> but was:<Java[xisxaxprogrammingx]language>
	at org.junit.Assert.assertEquals(Assert.java:123)
	at com.apple.test.apple.StringManipulationTest.testStringManipulation3(StringManipulationTest.java:37)
	at org.junit.runners.model.FrameworkMethod$1.runReflectiveCall(FrameworkMethod.java:44)
	at org.junit.internal.runners.model.ReflectiveCallable.run(ReflectiveCallable.java:15)
	at org.junit.runners.model.FrameworkMethod.invokeExplosively(FrameworkMethod.java:41)
	at org.junit.internal.runners.statements.InvokeMethod.evaluate(InvokeMethod.java:20)
	at org.junit.runners.BlockJUnit4ClassRunner.runChild(BlockJUnit4ClassRunner.java:76)
	at org.junit.runners.BlockJUnit4ClassRunner.runChild(BlockJUnit4ClassRunner.java:50)
	at org.junit.runners.ParentRunner$3.run(ParentRunner.java:193)
	at org.junit.runners.ParentRunner$1.schedule(ParentRunner.java:52)
	at org.junit.runners.ParentRunner.runChildren(ParentRunner.java:191)
	at org.junit.runners.ParentRunner.access$000(ParentRunner.java:42)
	at org.junit.runners.ParentRunner$2.evaluate(ParentRunner.java:184)
	at org.junit.runners.ParentRunner.run(ParentRunner.java:236)
	at org.junit.runner.JUnitCore.run(JUnitCore.java:157)
	at org.junit.runner.JUnitCore.run(JUnitCore.java:136)
	at org.apache.maven.surefire.testng.TestNGExecutor.run(TestNGExecutor.java:132)
	at org.apache.maven.surefire.testng.TestNGDirectoryTestSuite.executeSingleClass(TestNGDirectoryTestSuite.java:112)
	at org.apache.maven.surefire.testng.TestNGDirectoryTestSuite.execute(TestNGDirectoryTestSuite.java:99)
	at org.apache.maven.surefire.testng.TestNGProvider.invoke(TestNGProvider.java:147)
	at org.apache.maven.surefire.booter.ForkedBooter.invokeProviderInSameClassLoader(ForkedBooter.java:290)
	at org.apache.maven.surefire.booter.ForkedBooter.runSuitesInProcess(ForkedBooter.java:242)
	at org.apache.maven.surefire.booter.ForkedBooter.main(ForkedBooter.java:121)
... Removed 19 stack frames]]>
    </failure>
  </testcase> <!-- testStringManipulation3 on testStringManipulation3(com.apple.test.apple.StringManipulationTest) -->
  <testcase name="testStringManipulation1 on testStringManipulation1(com.apple.test.apple.StringManipulationTest)" time="0.001" classname="com.apple.test.apple.StringManipulationTest"/>
  <testcase name="testStringManipulation2 on testStringManipulation2(com.apple.test.apple.StringManipulationTest)" time="0.001" classname="com.apple.test.apple.StringManipulationTest"/>
</testsuite> <!-- Surefire test -->
